CUDA_VISIBLE_DEVICES=
Thu Sep  4 15:07:39 2025       
+-----------------------------------------------------------------------------------------+
| NVIDIA-SMI 575.57.08              Driver Version: 575.57.08      CUDA Version: 12.9     |
|-----------------------------------------+------------------------+----------------------+
| GPU  Name                 Persistence-M | Bus-Id          Disp.A | Volatile Uncorr. ECC |
| Fan  Temp   Perf          Pwr:Usage/Cap |           Memory-Usage | GPU-Util  Compute M. |
|                                         |                        |               MIG M. |
|=========================================+========================+======================|
|   0  Quadro RTX 6000                Off |   00000000:86:00.0 Off |                  Off |
| 33%   23C    P8              5W /  260W |       1MiB /  24576MiB |      0%      Default |
|                                         |                        |                  N/A |
+-----------------------------------------+------------------------+----------------------+
                                                                                         
+-----------------------------------------------------------------------------------------+
| Processes:                                                                              |
|  GPU   GI   CI              PID   Type   Process name                        GPU Memory |
|        ID   ID                                                               Usage      |
|=========================================================================================|
|  No running processes found                                                             |
+-----------------------------------------------------------------------------------------+
Using device: cuda
loading annotations into memory...
Done (t=0.72s)
creating index...
index created!
Loaded COCO val2017: 5000 images
Loaded DETR hub model (pretrained on COCO).
loading annotations into memory...
Done (t=0.66s)
creating index...
index created!
Running inference...
Saved detections -> Output/DETR/detr_test_predictions.json
Loading and preparing results...
DONE (t=1.59s)
creating index...
index created!
Running per image evaluation...
Evaluate annotation type *bbox*
DONE (t=36.41s).
Accumulating evaluation results...
DONE (t=7.44s).
 Average Precision  (AP) @[ IoU=0.50:0.95 | area=   all | maxDets=100 ] = 0.353
 Average Precision  (AP) @[ IoU=0.50      | area=   all | maxDets=100 ] = 0.552
 Average Precision  (AP) @[ IoU=0.75      | area=   all | maxDets=100 ] = 0.363
 Average Precision  (AP) @[ IoU=0.50:0.95 | area= small | maxDets=100 ] = 0.108
 Average Precision  (AP) @[ IoU=0.50:0.95 | area=medium | maxDets=100 ] = 0.378
 Average Precision  (AP) @[ IoU=0.50:0.95 | area= large | maxDets=100 ] = 0.599
 Average Recall     (AR) @[ IoU=0.50:0.95 | area=   all | maxDets=  1 ] = 0.297
 Average Recall     (AR) @[ IoU=0.50:0.95 | area=   all | maxDets= 10 ] = 0.458
 Average Recall     (AR) @[ IoU=0.50:0.95 | area=   all | maxDets=100 ] = 0.493
 Average Recall     (AR) @[ IoU=0.50:0.95 | area= small | maxDets=100 ] = 0.188
 Average Recall     (AR) @[ IoU=0.50:0.95 | area=medium | maxDets=100 ] = 0.540
 Average Recall     (AR) @[ IoU=0.50:0.95 | area= large | maxDets=100 ] = 0.788
[Fixed @ IoU=0.50, score>=0.50] P=0.3786, R=0.6333, F1=0.4739

Timing:
  Images processed: 5000
  Total time: 306.38 s  |  16.32 img/s
  Model inference time (sum): 232.63 s  |  21.49 img/s
  Avg. time per image: 61.28 ms/img,  model-only: 46.53 ms/img

Saved metrics -> Output/DETR/detr_test_eval.txt
Saved confusion matrix counts -> Output/DETR/detr_confusion_matrix_counts.csv
Saved row-normalized confusion matrix -> Output/DETR/detr_confusion_matrix_row_normalized.csv
Saved confusion matrix heatmap -> Output/DETR/detr_confusion_matrix.png
Saving sample visualizations...
Done. Visualizations in Output/DETR/Sample_Outputs
