CUDA_VISIBLE_DEVICES=
Tue Sep 16 01:17:49 2025       
+-----------------------------------------------------------------------------------------+
| NVIDIA-SMI 580.65.06              Driver Version: 580.65.06      CUDA Version: 13.0     |
+-----------------------------------------+------------------------+----------------------+
| GPU  Name                 Persistence-M | Bus-Id          Disp.A | Volatile Uncorr. ECC |
| Fan  Temp   Perf          Pwr:Usage/Cap |           Memory-Usage | GPU-Util  Compute M. |
|                                         |                        |               MIG M. |
|=========================================+========================+======================|
|   0  NVIDIA RTX A6000               On  |   00000000:86:00.0 Off |                  Off |
| 30%   22C    P8              7W /  300W |       1MiB /  49140MiB |      0%      Default |
|                                         |                        |                  N/A |
+-----------------------------------------+------------------------+----------------------+

+-----------------------------------------------------------------------------------------+
| Processes:                                                                              |
|  GPU   GI   CI              PID   Type   Process name                        GPU Memory |
|        ID   ID                                                               Usage      |
|=========================================================================================|
|  No running processes found                                                             |
+-----------------------------------------------------------------------------------------+
{'loss': 1.4539, 'grad_norm': 20.80961036682129, 'learning_rate': 4.756944444444444e-05, 'epoch': 0.3}
{'loss': 0.8899, 'grad_norm': 39.30353927612305, 'learning_rate': 4.5089285714285714e-05, 'epoch': 0.6}
{'loss': 0.7893, 'grad_norm': 33.961971282958984, 'learning_rate': 4.260912698412699e-05, 'epoch': 0.89}
{'eval_loss': 0.7253493070602417, 'eval_model_preparation_time': 0.007, 'eval_accuracy': 0.7857142857142857, 'eval_runtime': 171.2538, 'eval_samples_per_second': 11.036, 'eval_steps_per_second': 0.175, 'epoch': 1.0}
{'loss': 0.5353, 'grad_norm': 15.278324127197266, 'learning_rate': 4.012896825396826e-05, 'epoch': 1.19}
{'loss': 0.4498, 'grad_norm': 28.0535945892334, 'learning_rate': 3.764880952380953e-05, 'epoch': 1.49}
{'loss': 0.415, 'grad_norm': 26.87790870666504, 'learning_rate': 3.51686507936508e-05, 'epoch': 1.79}
{'eval_loss': 0.8187659978866577, 'eval_model_preparation_time': 0.007, 'eval_accuracy': 0.7555555555555555, 'eval_runtime': 171.9285, 'eval_samples_per_second': 10.993, 'eval_steps_per_second': 0.174, 'epoch': 2.0}
{'loss': 0.3888, 'grad_norm': 21.427188873291016, 'learning_rate': 3.268849206349207e-05, 'epoch': 2.08}
{'loss': 0.203, 'grad_norm': 21.061769485473633, 'learning_rate': 3.0208333333333334e-05, 'epoch': 2.38}
{'loss': 0.2129, 'grad_norm': 18.5285701751709, 'learning_rate': 2.7728174603174607e-05, 'epoch': 2.68}
{'loss': 0.1997, 'grad_norm': 27.928268432617188, 'learning_rate': 2.5248015873015873e-05, 'epoch': 2.98}
{'eval_loss': 0.8427512645721436, 'eval_model_preparation_time': 0.007, 'eval_accuracy': 0.7846560846560846, 'eval_runtime': 170.2532, 'eval_samples_per_second': 11.101, 'eval_steps_per_second': 0.176, 'epoch': 3.0}
{'loss': 0.1175, 'grad_norm': 10.655369758605957, 'learning_rate': 2.2767857142857143e-05, 'epoch': 3.27}
{'loss': 0.1103, 'grad_norm': 14.843182563781738, 'learning_rate': 2.0287698412698413e-05, 'epoch': 3.57}
{'loss': 0.0982, 'grad_norm': 25.957576751708984, 'learning_rate': 1.7807539682539683e-05, 'epoch': 3.87}
{'eval_loss': 0.8288787007331848, 'eval_model_preparation_time': 0.007, 'eval_accuracy': 0.8042328042328042, 'eval_runtime': 170.9329, 'eval_samples_per_second': 11.057, 'eval_steps_per_second': 0.176, 'epoch': 4.0}
{'loss': 0.055, 'grad_norm': 0.6642055511474609, 'learning_rate': 1.5327380952380953e-05, 'epoch': 4.17}
{'loss': 0.0286, 'grad_norm': 2.2279605865478516, 'learning_rate': 1.2847222222222222e-05, 'epoch': 4.46}
{'loss': 0.0296, 'grad_norm': 10.60040283203125, 'learning_rate': 1.0367063492063494e-05, 'epoch': 4.76}
{'eval_loss': 0.9496220350265503, 'eval_model_preparation_time': 0.007, 'eval_accuracy': 0.8201058201058201, 'eval_runtime': 173.0128, 'eval_samples_per_second': 10.924, 'eval_steps_per_second': 0.173, 'epoch': 5.0}
{'loss': 0.0288, 'grad_norm': 0.5441246032714844, 'learning_rate': 7.886904761904762e-06, 'epoch': 5.06}
{'loss': 0.0061, 'grad_norm': 0.0525207556784153, 'learning_rate': 5.406746031746032e-06, 'epoch': 5.36}
{'loss': 0.0037, 'grad_norm': 1.7019081115722656, 'learning_rate': 2.9265873015873018e-06, 'epoch': 5.65}
{'loss': 0.0029, 'grad_norm': 0.2515636086463928, 'learning_rate': 4.464285714285714e-07, 'epoch': 5.95}
{'eval_loss': 0.9022835493087769, 'eval_model_preparation_time': 0.007, 'eval_accuracy': 0.8306878306878307, 'eval_runtime': 172.105, 'eval_samples_per_second': 10.982, 'eval_steps_per_second': 0.174, 'epoch': 6.0}
{'train_runtime': 6982.5533, 'train_samples_per_second': 9.203, 'train_steps_per_second': 0.144, 'train_loss': 0.2985524799626705, 'epoch': 6.0}
