CUDA_VISIBLE_DEVICES=
Wed Aug 27 20:16:27 2025       
+-----------------------------------------------------------------------------------------+
| NVIDIA-SMI 580.65.06              Driver Version: 580.65.06      CUDA Version: 13.0     |
+-----------------------------------------+------------------------+----------------------+
| GPU  Name                 Persistence-M | Bus-Id          Disp.A | Volatile Uncorr. ECC |
| Fan  Temp   Perf          Pwr:Usage/Cap |           Memory-Usage | GPU-Util  Compute M. |
|                                         |                        |               MIG M. |
|=========================================+========================+======================|
|   0  NVIDIA RTX A6000               Off |   00000000:18:00.0 Off |                  Off |
| 30%   51C    P8             23W /  300W |       1MiB /  49140MiB |      0%      Default |
|                                         |                        |                  N/A |
+-----------------------------------------+------------------------+----------------------+

+-----------------------------------------------------------------------------------------+
| Processes:                                                                              |
|  GPU   GI   CI              PID   Type   Process name                        GPU Memory |
|        ID   ID                                                               Usage      |
|=========================================================================================|
|  No running processes found                                                             |
+-----------------------------------------------------------------------------------------+
Using device: cuda
Train dir exists: True
Test dir exists: True
Sample Classes in Train: ['hugging', 'dancing', 'sitting', 'texting', 'sleeping']
Total Classes in Train Set: 15
Sample Classes in Test: ['sleeping', 'using_laptop', 'running', 'calling', 'listening_to_music']
Total Classes in Test Set: 15
Detected classes: ['calling', 'clapping', 'cycling', 'dancing', 'drinking', 'eating', 'fighting', 'hugging', 'laughing', 'listening_to_music', 'running', 'sitting', 'sleeping', 'texting', 'using_laptop']
Total training images: 10710
Train set size: 9639, Validation set size: 1071
Test classes: ['calling', 'clapping', 'cycling', 'dancing', 'drinking', 'eating', 'fighting', 'hugging', 'laughing', 'listening_to_music', 'running', 'sitting', 'sleeping', 'texting', 'using_laptop']
Total test images: 1890
Epoch 1/50 - Train Loss: 1.2406, Train Acc: 0.6244 - Val Loss: 0.9413, Val Acc: 0.6975
Epoch 2/50 - Train Loss: 0.4747, Train Acc: 0.8655 - Val Loss: 0.9218, Val Acc: 0.7236
Epoch 3/50 - Train Loss: 0.1320, Train Acc: 0.9796 - Val Loss: 0.9034, Val Acc: 0.7404
Epoch 4/50 - Train Loss: 0.0351, Train Acc: 0.9980 - Val Loss: 0.9127, Val Acc: 0.7404
Epoch 5/50 - Train Loss: 0.0159, Train Acc: 0.9995 - Val Loss: 0.9383, Val Acc: 0.7423
Epoch 6/50 - Train Loss: 0.0082, Train Acc: 1.0000 - Val Loss: 0.9470, Val Acc: 0.7600
Epoch 7/50 - Train Loss: 0.0050, Train Acc: 1.0000 - Val Loss: 0.9512, Val Acc: 0.7432
Epoch 8/50 - Train Loss: 0.0036, Train Acc: 1.0000 - Val Loss: 0.9595, Val Acc: 0.7535
Epoch 9/50 - Train Loss: 0.0024, Train Acc: 1.0000 - Val Loss: 0.9827, Val Acc: 0.7535
Epoch 10/50 - Train Loss: 0.0020, Train Acc: 1.0000 - Val Loss: 1.0045, Val Acc: 0.7414
Epoch 11/50 - Train Loss: 0.0017, Train Acc: 1.0000 - Val Loss: 0.9978, Val Acc: 0.7376
Epoch 12/50 - Train Loss: 0.0020, Train Acc: 0.9999 - Val Loss: 1.0159, Val Acc: 0.7591
Epoch 13/50 - Train Loss: 0.0013, Train Acc: 1.0000 - Val Loss: 1.0358, Val Acc: 0.7507
Epoch 14/50 - Train Loss: 0.4049, Train Acc: 0.8709 - Val Loss: 1.1666, Val Acc: 0.7049
Epoch 15/50 - Train Loss: 0.0802, Train Acc: 0.9785 - Val Loss: 1.1633, Val Acc: 0.7096
Epoch 16/50 - Train Loss: 0.0280, Train Acc: 0.9943 - Val Loss: 1.0988, Val Acc: 0.7386
Epoch 17/50 - Train Loss: 0.0111, Train Acc: 0.9980 - Val Loss: 1.1079, Val Acc: 0.7395
Epoch 18/50 - Train Loss: 0.0043, Train Acc: 1.0000 - Val Loss: 1.0635, Val Acc: 0.7414
Epoch 19/50 - Train Loss: 0.0042, Train Acc: 0.9993 - Val Loss: 1.0906, Val Acc: 0.7432
Epoch 20/50 - Train Loss: 0.0045, Train Acc: 0.9996 - Val Loss: 1.0956, Val Acc: 0.7432
Epoch 21/50 - Train Loss: 0.0048, Train Acc: 0.9996 - Val Loss: 1.1616, Val Acc: 0.7218
Epoch 22/50 - Train Loss: 0.0026, Train Acc: 1.0000 - Val Loss: 1.1000, Val Acc: 0.7395
Epoch 23/50 - Train Loss: 0.0017, Train Acc: 1.0000 - Val Loss: 1.1221, Val Acc: 0.7507
Epoch 24/50 - Train Loss: 0.0547, Train Acc: 0.9841 - Val Loss: 1.9021, Val Acc: 0.6190
Epoch 25/50 - Train Loss: 0.1500, Train Acc: 0.9500 - Val Loss: 1.3450, Val Acc: 0.6835
Epoch 26/50 - Train Loss: 0.0259, Train Acc: 0.9939 - Val Loss: 1.1625, Val Acc: 0.7348
Epoch 27/50 - Train Loss: 0.0090, Train Acc: 0.9990 - Val Loss: 1.2308, Val Acc: 0.7302
Epoch 28/50 - Train Loss: 0.0143, Train Acc: 0.9967 - Val Loss: 1.2137, Val Acc: 0.7348
Epoch 29/50 - Train Loss: 0.0064, Train Acc: 0.9993 - Val Loss: 1.2877, Val Acc: 0.7124
Epoch 30/50 - Train Loss: 0.0240, Train Acc: 0.9934 - Val Loss: 1.3088, Val Acc: 0.7162
Epoch 31/50 - Train Loss: 0.0100, Train Acc: 0.9982 - Val Loss: 1.2343, Val Acc: 0.7199
Epoch 32/50 - Train Loss: 0.0061, Train Acc: 0.9987 - Val Loss: 1.2410, Val Acc: 0.7218
Epoch 33/50 - Train Loss: 0.0071, Train Acc: 0.9983 - Val Loss: 1.3626, Val Acc: 0.7208
Epoch 34/50 - Train Loss: 0.0126, Train Acc: 0.9970 - Val Loss: 1.4627, Val Acc: 0.6937
Epoch 35/50 - Train Loss: 0.0696, Train Acc: 0.9771 - Val Loss: 1.5910, Val Acc: 0.6713
Epoch 36/50 - Train Loss: 0.0259, Train Acc: 0.9921 - Val Loss: 1.4100, Val Acc: 0.7040
Epoch 37/50 - Train Loss: 0.0095, Train Acc: 0.9978 - Val Loss: 1.3253, Val Acc: 0.7264
Epoch 38/50 - Train Loss: 0.0172, Train Acc: 0.9951 - Val Loss: 1.2885, Val Acc: 0.7218
Epoch 39/50 - Train Loss: 0.0054, Train Acc: 0.9992 - Val Loss: 1.3086, Val Acc: 0.7283
Epoch 40/50 - Train Loss: 0.0092, Train Acc: 0.9976 - Val Loss: 1.3466, Val Acc: 0.7115
Epoch 41/50 - Train Loss: 0.0048, Train Acc: 0.9994 - Val Loss: 1.3334, Val Acc: 0.7358
Epoch 42/50 - Train Loss: 0.0132, Train Acc: 0.9967 - Val Loss: 1.6626, Val Acc: 0.6685
Epoch 43/50 - Train Loss: 0.0342, Train Acc: 0.9893 - Val Loss: 1.7549, Val Acc: 0.6769
Epoch 44/50 - Train Loss: 0.0266, Train Acc: 0.9924 - Val Loss: 1.5802, Val Acc: 0.6984
Epoch 45/50 - Train Loss: 0.0137, Train Acc: 0.9957 - Val Loss: 1.5674, Val Acc: 0.6956
Epoch 46/50 - Train Loss: 0.0123, Train Acc: 0.9968 - Val Loss: 1.4478, Val Acc: 0.7143
Epoch 47/50 - Train Loss: 0.0139, Train Acc: 0.9960 - Val Loss: 1.4468, Val Acc: 0.7143
Epoch 48/50 - Train Loss: 0.0132, Train Acc: 0.9960 - Val Loss: 1.5319, Val Acc: 0.6900
Epoch 49/50 - Train Loss: 0.0343, Train Acc: 0.9898 - Val Loss: 1.4737, Val Acc: 0.6900
Epoch 50/50 - Train Loss: 0.0209, Train Acc: 0.9938 - Val Loss: 1.4041, Val Acc: 0.7227
ResNet training complete. Best Val Acc: 0.7600
Saved -> Output/ResNet-18/resnet_test_predictions.csv
             image     label
0  Image_10899.jpg  sleeping
1  Image_10910.jpg   calling
2  Image_10919.jpg   calling
3  Image_10925.jpg   calling
4  Image_10934.jpg   calling
5  Image_10936.jpg   calling
6  Image_10986.jpg   sitting
7  Image_10994.jpg   calling
8  Image_10999.jpg   calling
9  Image_11001.jpg   hugging
Test Accuracy: 0.7667
                    precision    recall  f1-score   support

           calling     0.7105    0.6429    0.6750       126
          clapping     0.7273    0.6984    0.7126       126
           cycling     0.9612    0.9841    0.9725       126
           dancing     0.7581    0.7460    0.7520       126
          drinking     0.7634    0.7937    0.7782       126
            eating     0.9262    0.8968    0.9113       126
          fighting     0.8120    0.7540    0.7819       126
           hugging     0.6774    0.8333    0.7473       126
          laughing     0.8308    0.8571    0.8438       126
listening_to_music     0.7131    0.6905    0.7016       126
           running     0.8512    0.8175    0.8340       126
           sitting     0.6356    0.5952    0.6148       126
          sleeping     0.7778    0.8889    0.8296       126
           texting     0.6726    0.6032    0.6360       126
      using_laptop     0.6822    0.6984    0.6902       126

          accuracy                         0.7667      1890
         macro avg     0.7666    0.7667    0.7654      1890
      weighted avg     0.7666    0.7667    0.7654      1890

Saved -> Output/ResNet-18/resnet_test_eval.txt
Saved CM images in Output/ResNet-18/
