CUDA_VISIBLE_DEVICES=
Wed Aug 27 20:41:58 2025       
+-----------------------------------------------------------------------------------------+
| NVIDIA-SMI 580.65.06              Driver Version: 580.65.06      CUDA Version: 13.0     |
+-----------------------------------------+------------------------+----------------------+
| GPU  Name                 Persistence-M | Bus-Id          Disp.A | Volatile Uncorr. ECC |
| Fan  Temp   Perf          Pwr:Usage/Cap |           Memory-Usage | GPU-Util  Compute M. |
|                                         |                        |               MIG M. |
|=========================================+========================+======================|
|   0  NVIDIA RTX A6000               Off |   00000000:18:00.0 Off |                  Off |
| 47%   63C    P8             25W /  300W |       1MiB /  49140MiB |      0%      Default |
|                                         |                        |                  N/A |
+-----------------------------------------+------------------------+----------------------+

+-----------------------------------------------------------------------------------------+
| Processes:                                                                              |
|  GPU   GI   CI              PID   Type   Process name                        GPU Memory |
|        ID   ID                                                               Usage      |
|=========================================================================================|
|  No running processes found                                                             |
+-----------------------------------------------------------------------------------------+
Using device: cuda
Train dir exists: True
Test dir exists: True
Sample Classes in Train: ['hugging', 'dancing', 'sitting', 'texting', 'sleeping']
Total Classes in Train Set: 15
Sample Classes in Test: ['sleeping', 'using_laptop', 'running', 'calling', 'listening_to_music']
Total Classes in Test Set: 15
Detected classes: ['calling', 'clapping', 'cycling', 'dancing', 'drinking', 'eating', 'fighting', 'hugging', 'laughing', 'listening_to_music', 'running', 'sitting', 'sleeping', 'texting', 'using_laptop']
Total training images: 10710
Train set size: 9639, Validation set size: 1071
Test classes: ['calling', 'clapping', 'cycling', 'dancing', 'drinking', 'eating', 'fighting', 'hugging', 'laughing', 'listening_to_music', 'running', 'sitting', 'sleeping', 'texting', 'using_laptop']
Total test images: 1890
Epoch 1/50 - Train Loss: 1.0006, Train Acc: 0.6902 - Val Loss: 0.8741, Val Acc: 0.7386
Epoch 2/50 - Train Loss: 0.4562, Train Acc: 0.8551 - Val Loss: 0.7504, Val Acc: 0.7684
Epoch 3/50 - Train Loss: 0.2557, Train Acc: 0.9201 - Val Loss: 0.8458, Val Acc: 0.7666
Epoch 4/50 - Train Loss: 0.1622, Train Acc: 0.9465 - Val Loss: 0.9456, Val Acc: 0.7591
Epoch 5/50 - Train Loss: 0.1417, Train Acc: 0.9540 - Val Loss: 1.0870, Val Acc: 0.7376
Epoch 6/50 - Train Loss: 0.1256, Train Acc: 0.9579 - Val Loss: 0.9966, Val Acc: 0.7544
Epoch 7/50 - Train Loss: 0.0819, Train Acc: 0.9738 - Val Loss: 1.2102, Val Acc: 0.7264
Epoch 8/50 - Train Loss: 0.1068, Train Acc: 0.9651 - Val Loss: 1.0816, Val Acc: 0.7367
Epoch 9/50 - Train Loss: 0.0729, Train Acc: 0.9764 - Val Loss: 1.0914, Val Acc: 0.7563
Epoch 10/50 - Train Loss: 0.0818, Train Acc: 0.9734 - Val Loss: 1.1164, Val Acc: 0.7376
Epoch 11/50 - Train Loss: 0.0982, Train Acc: 0.9686 - Val Loss: 1.1569, Val Acc: 0.7404
Epoch 12/50 - Train Loss: 0.0700, Train Acc: 0.9778 - Val Loss: 1.1431, Val Acc: 0.7442
Epoch 13/50 - Train Loss: 0.0643, Train Acc: 0.9801 - Val Loss: 1.0219, Val Acc: 0.7796
Epoch 14/50 - Train Loss: 0.0732, Train Acc: 0.9763 - Val Loss: 1.2001, Val Acc: 0.7498
Epoch 15/50 - Train Loss: 0.0690, Train Acc: 0.9784 - Val Loss: 1.2116, Val Acc: 0.7404
Epoch 16/50 - Train Loss: 0.0815, Train Acc: 0.9738 - Val Loss: 1.3232, Val Acc: 0.7199
Epoch 17/50 - Train Loss: 0.0707, Train Acc: 0.9781 - Val Loss: 1.1862, Val Acc: 0.7255
Epoch 18/50 - Train Loss: 0.0541, Train Acc: 0.9835 - Val Loss: 1.1836, Val Acc: 0.7348
Epoch 19/50 - Train Loss: 0.0639, Train Acc: 0.9796 - Val Loss: 1.5036, Val Acc: 0.6695
Epoch 20/50 - Train Loss: 0.0606, Train Acc: 0.9797 - Val Loss: 1.1821, Val Acc: 0.7470
Epoch 21/50 - Train Loss: 0.0429, Train Acc: 0.9860 - Val Loss: 1.3545, Val Acc: 0.7227
Epoch 22/50 - Train Loss: 0.0566, Train Acc: 0.9806 - Val Loss: 1.1326, Val Acc: 0.7675
Epoch 23/50 - Train Loss: 0.0320, Train Acc: 0.9895 - Val Loss: 1.2365, Val Acc: 0.7376
Epoch 24/50 - Train Loss: 0.0807, Train Acc: 0.9755 - Val Loss: 1.4023, Val Acc: 0.7049
Epoch 25/50 - Train Loss: 0.0437, Train Acc: 0.9861 - Val Loss: 1.3604, Val Acc: 0.7283
Epoch 26/50 - Train Loss: 0.0431, Train Acc: 0.9862 - Val Loss: 1.3603, Val Acc: 0.7208
Epoch 27/50 - Train Loss: 0.0436, Train Acc: 0.9861 - Val Loss: 1.2176, Val Acc: 0.7479
Epoch 28/50 - Train Loss: 0.0551, Train Acc: 0.9812 - Val Loss: 1.1574, Val Acc: 0.7572
Epoch 29/50 - Train Loss: 0.0444, Train Acc: 0.9864 - Val Loss: 1.2624, Val Acc: 0.7348
Epoch 30/50 - Train Loss: 0.0439, Train Acc: 0.9861 - Val Loss: 1.3548, Val Acc: 0.7320
Epoch 31/50 - Train Loss: 0.0682, Train Acc: 0.9784 - Val Loss: 1.3015, Val Acc: 0.7255
Epoch 32/50 - Train Loss: 0.0281, Train Acc: 0.9899 - Val Loss: 1.1870, Val Acc: 0.7507
Epoch 33/50 - Train Loss: 0.0267, Train Acc: 0.9922 - Val Loss: 1.2668, Val Acc: 0.7348
Epoch 34/50 - Train Loss: 0.0350, Train Acc: 0.9892 - Val Loss: 1.3202, Val Acc: 0.7330
Epoch 35/50 - Train Loss: 0.0524, Train Acc: 0.9843 - Val Loss: 1.5604, Val Acc: 0.6545
Epoch 36/50 - Train Loss: 0.0649, Train Acc: 0.9808 - Val Loss: 1.2915, Val Acc: 0.7339
Epoch 37/50 - Train Loss: 0.0397, Train Acc: 0.9860 - Val Loss: 1.2398, Val Acc: 0.7460
Epoch 38/50 - Train Loss: 0.0163, Train Acc: 0.9954 - Val Loss: 1.2216, Val Acc: 0.7638
Epoch 39/50 - Train Loss: 0.0127, Train Acc: 0.9973 - Val Loss: 1.3956, Val Acc: 0.7162
Epoch 40/50 - Train Loss: 0.0517, Train Acc: 0.9837 - Val Loss: 1.3719, Val Acc: 0.7152
Epoch 41/50 - Train Loss: 0.0516, Train Acc: 0.9822 - Val Loss: 1.4000, Val Acc: 0.6825
Epoch 42/50 - Train Loss: 0.0546, Train Acc: 0.9831 - Val Loss: 1.3889, Val Acc: 0.7180
Epoch 43/50 - Train Loss: 0.0260, Train Acc: 0.9918 - Val Loss: 1.3479, Val Acc: 0.7386
Epoch 44/50 - Train Loss: 0.0262, Train Acc: 0.9922 - Val Loss: 1.3844, Val Acc: 0.7227
Epoch 45/50 - Train Loss: 0.0443, Train Acc: 0.9863 - Val Loss: 1.4833, Val Acc: 0.7162
Epoch 46/50 - Train Loss: 0.0458, Train Acc: 0.9843 - Val Loss: 1.4664, Val Acc: 0.7087
Epoch 47/50 - Train Loss: 0.0262, Train Acc: 0.9917 - Val Loss: 1.4800, Val Acc: 0.6965
Epoch 48/50 - Train Loss: 0.0255, Train Acc: 0.9915 - Val Loss: 1.5015, Val Acc: 0.6965
Epoch 49/50 - Train Loss: 0.0486, Train Acc: 0.9859 - Val Loss: 1.4571, Val Acc: 0.6863
Epoch 50/50 - Train Loss: 0.0271, Train Acc: 0.9914 - Val Loss: 1.3371, Val Acc: 0.7134
ViT training complete. Best Val Acc: 0.7796
Saved -> Output/ViT/vit_test_predictions.csv
             image     label
0  Image_10899.jpg   sitting
1  Image_10910.jpg   calling
2  Image_10919.jpg   calling
3  Image_10925.jpg   calling
4  Image_10934.jpg   calling
5  Image_10936.jpg  drinking
6  Image_10986.jpg   texting
7  Image_10994.jpg   calling
8  Image_10999.jpg    eating
9  Image_11001.jpg   texting
ViT Test Accuracy: 0.7767
                    precision    recall  f1-score   support

           calling     0.7909    0.6905    0.7373       126
          clapping     0.7479    0.7063    0.7265       126
           cycling     0.9688    0.9841    0.9764       126
           dancing     0.7883    0.8571    0.8213       126
          drinking     0.7313    0.7778    0.7538       126
            eating     0.8561    0.8968    0.8760       126
          fighting     0.7639    0.8730    0.8148       126
           hugging     0.8220    0.7698    0.7951       126
          laughing     0.8264    0.7937    0.8097       126
listening_to_music     0.7544    0.6825    0.7167       126
           running     0.8400    0.8333    0.8367       126
           sitting     0.6218    0.5873    0.6041       126
          sleeping     0.8043    0.8810    0.8409       126
           texting     0.6379    0.5873    0.6116       126
      using_laptop     0.6815    0.7302    0.7050       126

          accuracy                         0.7767      1890
         macro avg     0.7757    0.7767    0.7751      1890
      weighted avg     0.7757    0.7767    0.7751      1890

Saved -> Output/ViT/vit_test_eval.txt
Saved CM images in Output/ViT/
